Release 14.7 - xst P.20131013 (nt64)
Copyright (c) 1995-2013 Xilinx, Inc.  All rights reserved.
--> Parameter TMPDIR set to xst/projnav.tmp


Total REAL time to Xst completion: 1.00 secs
Total CPU time to Xst completion: 0.40 secs
 
--> Parameter xsthdpdir set to xst


Total REAL time to Xst completion: 1.00 secs
Total CPU time to Xst completion: 0.40 secs
 
--> Reading design: seq_detector.prj

TABLE OF CONTENTS
  1) Synthesis Options Summary
  2) HDL Compilation
  3) Design Hierarchy Analysis
  4) HDL Analysis
  5) HDL Synthesis
     5.1) HDL Synthesis Report
  6) Advanced HDL Synthesis
     6.1) Advanced HDL Synthesis Report
  7) Low Level Synthesis
  8) Partition Report
  9) Final Report
	9.1) Device utilization summary
	9.2) Partition Resource Summary
	9.3) TIMING REPORT


=========================================================================
*                      Synthesis Options Summary                        *
=========================================================================
---- Source Parameters
Input File Name                    : "seq_detector.prj"
Input Format                       : mixed
Ignore Synthesis Constraint File   : NO

---- Target Parameters
Output File Name                   : "seq_detector"
Output Format                      : NGC
Target Device                      : xc3s50-4-pq208

---- Source Options
Top Module Name                    : seq_detector
Automatic FSM Extraction           : YES
FSM Encoding Algorithm             : Auto
Safe Implementation                : No
FSM Style                          : LUT
RAM Extraction                     : Yes
RAM Style                          : Auto
ROM Extraction                     : Yes
Mux Style                          : Auto
Decoder Extraction                 : YES
Priority Encoder Extraction        : Yes
Shift Register Extraction          : YES
Logical Shifter Extraction         : YES
XOR Collapsing                     : YES
ROM Style                          : Auto
Mux Extraction                     : Yes
Resource Sharing                   : YES
Asynchronous To Synchronous        : NO
Multiplier Style                   : Auto
Automatic Register Balancing       : No

---- Target Options
Add IO Buffers                     : YES
Global Maximum Fanout              : 500
Add Generic Clock Buffer(BUFG)     : 8
Register Duplication               : YES
Slice Packing                      : YES
Optimize Instantiated Primitives   : NO
Use Clock Enable                   : Yes
Use Synchronous Set                : Yes
Use Synchronous Reset              : Yes
Pack IO Registers into IOBs        : Auto
Equivalent register Removal        : YES

---- General Options
Optimization Goal                  : Speed
Optimization Effort                : 1
Keep Hierarchy                     : No
Netlist Hierarchy                  : As_Optimized
RTL Output                         : Yes
Global Optimization                : AllClockNets
Read Cores                         : YES
Write Timing Constraints           : NO
Cross Clock Analysis               : NO
Hierarchy Separator                : /
Bus Delimiter                      : <>
Case Specifier                     : Maintain
Slice Utilization Ratio            : 100
BRAM Utilization Ratio             : 100
Verilog 2001                       : YES
Auto BRAM Packing                  : NO
Slice Utilization Ratio Delta      : 5

=========================================================================


=========================================================================
*                          HDL Compilation                              *
=========================================================================
Compiling verilog file "seq_detector.v" in library work
Module <seq_detector> compiled
No errors in compilation
Analysis of file <"seq_detector.prj"> succeeded.
 

=========================================================================
*                     Design Hierarchy Analysis                         *
=========================================================================
Analyzing hierarchy for module <seq_detector> in library <work>.


=========================================================================
*                            HDL Analysis                               *
=========================================================================
Analyzing top module <seq_detector>.
Module <seq_detector> is correct for synthesis.
 

=========================================================================
*                           HDL Synthesis                               *
=========================================================================

Performing bidirectional port resolution...

Synthesizing Unit <seq_detector>.
    Related source file is "seq_detector.v".
    Found 1-bit register for signal <seq_detected>.
    Found 8-bit register for signal <seq_num>.
    Found 2-bit register for signal <state>.
    Found 1-bit 4-to-1 multiplexer for signal <seq_detected$mux0000> created at line 41.
    Found 8-bit adder for signal <seq_num$share0000> created at line 41.
    Found 2-bit 4-to-1 multiplexer for signal <state$mux0000> created at line 41.
    Found 2-bit 4-to-1 multiplexer for signal <state$mux0003> created at line 43.
    Found 2-bit 4-to-1 multiplexer for signal <state$mux0006> created at line 56.
    Found 2-bit 4-to-1 multiplexer for signal <state$mux0009> created at line 69.
    Found 2-bit 4-to-1 multiplexer for signal <state$mux0012> created at line 82.
    Summary:
	inferred  11 D-type flip-flop(s).
	inferred   1 Adder/Subtractor(s).
	inferred  11 Multiplexer(s).
Unit <seq_detector> synthesized.

INFO:Xst:1767 - HDL ADVISOR - Resource sharing has identified that some arithmetic operations in this design can share the same physical resources for reduced device utilization. For improved clock frequency you may try to disable resource sharing.

=========================================================================
HDL Synthesis Report

Macro Statistics
# Adders/Subtractors                                   : 1
 8-bit adder                                           : 1
# Registers                                            : 3
 1-bit register                                        : 1
 2-bit register                                        : 1
 8-bit register                                        : 1
# Multiplexers                                         : 6
 1-bit 4-to-1 multiplexer                              : 1
 2-bit 4-to-1 multiplexer                              : 5

=========================================================================

=========================================================================
*                       Advanced HDL Synthesis                          *
=========================================================================


=========================================================================
Advanced HDL Synthesis Report

Macro Statistics
# Adders/Subtractors                                   : 1
 8-bit adder                                           : 1
# Registers                                            : 11
 Flip-Flops                                            : 11
# Multiplexers                                         : 6
 1-bit 4-to-1 multiplexer                              : 1
 2-bit 4-to-1 multiplexer                              : 5

=========================================================================

=========================================================================
*                         Low Level Synthesis                           *
=========================================================================

Optimizing unit <seq_detector> ...

Mapping all equations...
Building and optimizing final netlist ...
Found area constraint ratio of 100 (+ 5) on block seq_detector, actual ratio is 2.

Final Macro Processing ...

=========================================================================
Final Register Report

Macro Statistics
# Registers                                            : 11
 Flip-Flops                                            : 11

=========================================================================

=========================================================================
*                           Partition Report                            *
=========================================================================

Partition Implementation Status
-------------------------------

  No Partitions were found in this design.

-------------------------------

=========================================================================
*                            Final Report                               *
=========================================================================
Final Results
RTL Top Level Output File Name     : seq_detector.ngr
Top Level Output File Name         : seq_detector
Output Format                      : NGC
Optimization Goal                  : Speed
Keep Hierarchy                     : No

Design Statistics
# IOs                              : 15

Cell Usage :
# BELS                             : 39
#      LUT2                        : 4
#      LUT3                        : 11
#      LUT3_L                      : 2
#      LUT4                        : 11
#      LUT4_D                      : 3
#      LUT4_L                      : 1
#      MUXF5                       : 4
#      MUXF6                       : 2
#      VCC                         : 1
# FlipFlops/Latches                : 11
#      FD                          : 10
#      FDR                         : 1
# Clock Buffers                    : 1
#      BUFGP                       : 1
# IO Buffers                       : 14
#      IBUF                        : 3
#      OBUF                        : 11
=========================================================================

Device utilization summary:
---------------------------

Selected Device : 3s50pq208-4 

 Number of Slices:                       17  out of    768     2%  
 Number of Slice Flip Flops:             11  out of   1536     0%  
 Number of 4 input LUTs:                 32  out of   1536     2%  
 Number of IOs:                          15
 Number of bonded IOBs:                  15  out of    124    12%  
 Number of GCLKs:                         1  out of      8    12%  

---------------------------
Partition Resource Summary:
---------------------------

  No Partitions were found in this design.

---------------------------


=========================================================================
TIMING REPORT

NOTE: THESE TIMING NUMBERS ARE ONLY A SYNTHESIS ESTIMATE.
      FOR ACCURATE TIMING INFORMATION PLEASE REFER TO THE TRACE REPORT
      GENERATED AFTER PLACE-and-ROUTE.

Clock Information:
------------------
-----------------------------------+------------------------+-------+
Clock Signal                       | Clock buffer(FF name)  | Load  |
-----------------------------------+------------------------+-------+
clk                                | BUFGP                  | 11    |
-----------------------------------+------------------------+-------+

Asynchronous Control Signals Information:
----------------------------------------
No asynchronous control signals found in this design

Timing Summary:
---------------
Speed Grade: -4

   Minimum period: 5.783ns (Maximum Frequency: 172.921MHz)
   Minimum input arrival time before clock: 7.699ns
   Maximum output required time after clock: 7.508ns
   Maximum combinational path delay: No path found

Timing Detail:
--------------
All values displayed in nanoseconds (ns)

=========================================================================
Timing constraint: Default period analysis for Clock 'clk'
  Clock period: 5.783ns (frequency: 172.921MHz)
  Total number of paths / destination ports: 109 / 11
-------------------------------------------------------------------------
Delay:               5.783ns (Levels of Logic = 3)
  Source:            state_1 (FF)
  Destination:       seq_num_5 (FF)
  Source Clock:      clk rising
  Destination Clock: clk rising

  Data Path: state_1 to seq_num_5
                                Gate     Net
    Cell:in->out      fanout   Delay   Delay  Logical Name (Net Name)
    ----------------------------------------  ------------
     FDR:C->Q             11   0.720   1.212  state_1 (state_1)
     LUT4:I2->O            7   0.551   1.092  seq_num_mux0000<7>411 (seq_detected_mux0000)
     LUT4_D:I3->O          2   0.551   0.903  seq_num_mux0000<7>31 (N61)
     LUT4:I3->O            1   0.551   0.000  seq_num_mux0000<5>1 (seq_num_mux0000<5>)
     FD:D                      0.203          seq_num_5
    ----------------------------------------
    Total                      5.783ns (2.576ns logic, 3.207ns route)
                                       (44.5% logic, 55.5% route)

=========================================================================
Timing constraint: Default OFFSET IN BEFORE for Clock 'clk'
  Total number of paths / destination ports: 65 / 11
-------------------------------------------------------------------------
Offset:              7.699ns (Levels of Logic = 5)
  Source:            seq_selector<0> (PAD)
  Destination:       seq_num_5 (FF)
  Destination Clock: clk rising

  Data Path: seq_selector<0> to seq_num_5
                                Gate     Net
    Cell:in->out      fanout   Delay   Delay  Logical Name (Net Name)
    ----------------------------------------  ------------
     IBUF:I->O             5   0.821   1.260  seq_selector_0_IBUF (seq_selector_0_IBUF)
     LUT2:I0->O            2   0.551   1.216  seq_num_mux0000<1>21 (N02)
     LUT4:I0->O            7   0.551   1.092  seq_num_mux0000<7>411 (seq_detected_mux0000)
     LUT4_D:I3->O          2   0.551   0.903  seq_num_mux0000<7>31 (N61)
     LUT4:I3->O            1   0.551   0.000  seq_num_mux0000<5>1 (seq_num_mux0000<5>)
     FD:D                      0.203          seq_num_5
    ----------------------------------------
    Total                      7.699ns (3.228ns logic, 4.471ns route)
                                       (41.9% logic, 58.1% route)

=========================================================================
Timing constraint: Default OFFSET OUT AFTER for Clock 'clk'
  Total number of paths / destination ports: 11 / 11
-------------------------------------------------------------------------
Offset:              7.508ns (Levels of Logic = 1)
  Source:            state_1 (FF)
  Destination:       state<1> (PAD)
  Source Clock:      clk rising

  Data Path: state_1 to state<1>
                                Gate     Net
    Cell:in->out      fanout   Delay   Delay  Logical Name (Net Name)
    ----------------------------------------  ------------
     FDR:C->Q             11   0.720   1.144  state_1 (state_1)
     OBUF:I->O                 5.644          state_1_OBUF (state<1>)
    ----------------------------------------
    Total                      7.508ns (6.364ns logic, 1.144ns route)
                                       (84.8% logic, 15.2% route)

=========================================================================


Total REAL time to Xst completion: 5.00 secs
Total CPU time to Xst completion: 5.13 secs
 
--> 

Total memory usage is 293848 kilobytes

Number of errors   :    0 (   0 filtered)
Number of warnings :    0 (   0 filtered)
Number of infos    :    1 (   0 filtered)

